<?xml version="1.0" encoding="UTF-8"?>
<testsuite xmlns:xsi="http://www.w3.org/2001/XMLSchema-instance" xsi:noNamespaceSchemaLocation="https://maven.apache.org/surefire/maven-surefire-plugin/xsd/surefire-test-report.xsd" version="3.0.2" name="priv.lee90.learn.service.RequestPongTimerTest" time="3.348" tests="1" errors="0" skipped="0" failures="0">
  <properties>
[...]
</properties>
  <testcase name="helloPong should schedule task with fixed delay" classname="priv.lee90.learn.service.RequestPongTimerTest" time="3.02">
    <system-out><![CDATA[2024-09-25 16:24:42.041 ERROR 30528 --- [pool-2-thread-1] priv.lee90.learn.task.RequestPongTask    : Request error, The reason is : Connection refused: no further information: localhost/127.0.0.1:8082; nested exception is io.netty.channel.AbstractChannel$AnnotatedConnectException: Connection refused: no further information: localhost/127.0.0.1:8082
2024-09-25 16:24:42.443 ERROR 30528 --- [pool-2-thread-2] priv.lee90.learn.task.RequestPongTask    : Request error, The reason is : Connection refused: no further information: localhost/127.0.0.1:8082; nested exception is io.netty.channel.AbstractChannel$AnnotatedConnectException: Connection refused: no further information: localhost/127.0.0.1:8082
]]></system-out>
  </testcase>
</testsuite>