<?xml version="1.0" encoding="UTF-8"?>
<testsuite xmlns:xsi="http://www.w3.org/2001/XMLSchema-instance" xsi:noNamespaceSchemaLocation="https://maven.apache.org/surefire/maven-surefire-plugin/xsd/surefire-test-report.xsd" version="3.0.2" name="priv.lee90.learn.controller.HelloControllerTest" time="2.415" tests="1" errors="0" skipped="0" failures="0">
  <properties>
[...]
</properties>
  <testcase name="hello endpoint returns &apos;World&apos; with status 200" classname="priv.lee90.learn.controller.HelloControllerTest" time="0.561">
    <system-out><![CDATA[16:24:48.299 [main] DEBUG org.springframework.test.annotation.ProfileValueUtils - Retrieved @ProfileValueSourceConfiguration [null] for test class [priv.lee90.learn.controller.HelloControllerTest]
16:24:48.304 [main] DEBUG org.springframework.test.annotation.ProfileValueUtils - Retrieved ProfileValueSource type [class org.springframework.test.annotation.SystemProfileValueSource] for class [priv.lee90.learn.controller.HelloControllerTest]
16:24:48.306 [main] DEBUG org.springframework.test.annotation.ProfileValueUtils - Retrieved @ProfileValueSourceConfiguration [null] for test class [priv.lee90.learn.controller.HelloControllerTest]
16:24:48.306 [main] DEBUG org.springframework.test.annotation.ProfileValueUtils - Retrieved ProfileValueSource type [class org.springframework.test.annotation.SystemProfileValueSource] for class [priv.lee90.learn.controller.HelloControllerTest]
16:24:48.316 [main] DEBUG org.springframework.test.context.BootstrapUtils - Instantiating CacheAwareContextLoaderDelegate from class [org.springframework.test.context.cache.DefaultCacheAwareContextLoaderDelegate]
16:24:48.330 [main] DEBUG org.springframework.test.context.BootstrapUtils - Instantiating BootstrapContext using constructor [public org.springframework.test.context.support.DefaultBootstrapContext(java.lang.Class,org.springframework.test.context.CacheAwareContextLoaderDelegate)]
16:24:48.345 [main] DEBUG org.springframework.test.context.BootstrapUtils - Instantiating TestContextBootstrapper for test class [priv.lee90.learn.controller.HelloControllerTest] from class [org.springframework.boot.test.autoconfigure.web.reactive.WebFluxTestContextBootstrapper]
16:24:48.366 [main] INFO org.springframework.boot.test.autoconfigure.web.reactive.WebFluxTestContextBootstrapper - Neither @ContextConfiguration nor @ContextHierarchy found for test class [priv.lee90.learn.controller.HelloControllerTest], using SpringBootContextLoader
16:24:48.372 [main] DEBUG org.springframework.test.context.support.AbstractContextLoader - Did not detect default resource location for test class [priv.lee90.learn.controller.HelloControllerTest]: class path resource [priv/lee90/learn/controller/HelloControllerTest-context.xml] does not exist
16:24:48.372 [main] DEBUG org.springframework.test.context.support.AbstractContextLoader - Did not detect default resource location for test class [priv.lee90.learn.controller.HelloControllerTest]: class path resource [priv/lee90/learn/controller/HelloControllerTestContext.groovy] does not exist
16:24:48.373 [main] INFO org.springframework.test.context.support.AbstractContextLoader - Could not detect default resource locations for test class [priv.lee90.learn.controller.HelloControllerTest]: no resource found for suffixes {-context.xml, Context.groovy}.
16:24:48.374 [main] INFO org.springframework.test.context.support.AnnotationConfigContextLoaderUtils - Could not detect default configuration classes for test class [priv.lee90.learn.controller.HelloControllerTest]: HelloControllerTest does not declare any static, non-private, non-final, nested classes annotated with @Configuration.
16:24:48.479 [main] DEBUG org.springframework.test.context.support.ActiveProfilesUtils - Could not find an 'annotation declaring class' for annotation type [org.springframework.test.context.ActiveProfiles] and class [priv.lee90.learn.controller.HelloControllerTest]
16:24:48.564 [main] DEBUG org.springframework.context.annotation.ClassPathScanningCandidateComponentProvider - Identified candidate component class: file [D:\workspace\springboot\ping-pong-demo\pong-service\target\classes\priv\lee90\learn\PongApplication.class]
16:24:48.566 [main] INFO org.springframework.boot.test.context.SpringBootTestContextBootstrapper - Found @SpringBootConfiguration priv.lee90.learn.PongApplication for test class priv.lee90.learn.controller.HelloControllerTest
16:24:48.572 [main] DEBUG org.springframework.boot.test.autoconfigure.web.reactive.WebFluxTestContextBootstrapper - @TestExecutionListeners is not present for class [priv.lee90.learn.controller.HelloControllerTest]: using defaults.
16:24:48.572 [main] INFO org.springframework.boot.test.autoconfigure.web.reactive.WebFluxTestContextBootstrapper - Loaded default TestExecutionListener class names from location [META-INF/spring.factories]: [org.springframework.boot.test.mock.mockito.MockitoTestExecutionListener, org.springframework.boot.test.mock.mockito.ResetMocksTestExecutionListener, org.springframework.boot.test.autoconfigure.restdocs.RestDocsTestExecutionListener, org.springframework.boot.test.autoconfigure.web.client.MockRestServiceServerResetTestExecutionListener, org.springframework.boot.test.autoconfigure.web.servlet.MockMvcPrintOnlyOnFailureTestExecutionListener, org.springframework.boot.test.autoconfigure.web.servlet.WebDriverTestExecutionListener, org.springframework.boot.test.autoconfigure.webservices.client.MockWebServiceServerTestExecutionListener, org.springframework.test.context.web.ServletTestExecutionListener, org.springframework.test.context.support.DirtiesContextBeforeModesTestExecutionListener, org.springframework.test.context.event.ApplicationEventsTestExecutionListener, org.springframework.test.context.support.DependencyInjectionTestExecutionListener, org.springframework.test.context.support.DirtiesContextTestExecutionListener, org.springframework.test.context.transaction.TransactionalTestExecutionListener, org.springframework.test.context.jdbc.SqlScriptsTestExecutionListener, org.springframework.test.context.event.EventPublishingTestExecutionListener, org.spockframework.spring.SpringMockTestExecutionListener]
16:24:48.588 [main] DEBUG org.springframework.boot.test.autoconfigure.web.reactive.WebFluxTestContextBootstrapper - Skipping candidate TestExecutionListener [org.springframework.test.context.web.ServletTestExecutionListener] due to a missing dependency. Specify custom listener classes or make the default listener classes and their required dependencies available. Offending class: [javax/servlet/ServletContext]
16:24:48.590 [main] DEBUG org.springframework.boot.test.autoconfigure.web.reactive.WebFluxTestContextBootstrapper - Skipping candidate TestExecutionListener [org.springframework.test.context.transaction.TransactionalTestExecutionListener] due to a missing dependency. Specify custom listener classes or make the default listener classes and their required dependencies available. Offending class: [org/springframework/transaction/interceptor/TransactionAttributeSource]
16:24:48.591 [main] DEBUG org.springframework.boot.test.autoconfigure.web.reactive.WebFluxTestContextBootstrapper - Skipping candidate TestExecutionListener [org.springframework.test.context.jdbc.SqlScriptsTestExecutionListener] due to a missing dependency. Specify custom listener classes or make the default listener classes and their required dependencies available. Offending class: [org/springframework/transaction/interceptor/TransactionAttribute]
16:24:48.592 [main] INFO org.springframework.boot.test.autoconfigure.web.reactive.WebFluxTestContextBootstrapper - Using TestExecutionListeners: [org.springframework.test.context.support.DirtiesContextBeforeModesTestExecutionListener@48632f69, org.springframework.test.context.event.ApplicationEventsTestExecutionListener@5fde1d64, org.springframework.boot.test.mock.mockito.MockitoTestExecutionListener@5350ab17, org.springframework.boot.test.autoconfigure.SpringBootDependencyInjectionTestExecutionListener@984de01, org.springframework.test.context.support.DirtiesContextTestExecutionListener@58cda03f, org.springframework.test.context.event.EventPublishingTestExecutionListener@7757a37f, org.springframework.boot.test.mock.mockito.ResetMocksTestExecutionListener@2109a691, org.springframework.boot.test.autoconfigure.restdocs.RestDocsTestExecutionListener@e521067, org.springframework.boot.test.autoconfigure.web.client.MockRestServiceServerResetTestExecutionListener@3bab95ca, org.springframework.boot.test.autoconfigure.web.servlet.MockMvcPrintOnlyOnFailureTestExecutionListener@71ad959b, org.springframework.boot.test.autoconfigure.web.servlet.WebDriverTestExecutionListener@1d7c9811, org.springframework.boot.test.autoconfigure.webservices.client.MockWebServiceServerTestExecutionListener@3b362f1, org.spockframework.spring.SpringMockTestExecutionListener@6451a288]
16:24:48.672 [main] DEBUG org.springframework.test.annotation.ProfileValueUtils - Retrieved @ProfileValueSourceConfiguration [null] for test class [priv.lee90.learn.controller.HelloControllerTest]
16:24:48.672 [main] DEBUG org.springframework.test.annotation.ProfileValueUtils - Retrieved ProfileValueSource type [class org.springframework.test.annotation.SystemProfileValueSource] for class [priv.lee90.learn.controller.HelloControllerTest]
16:24:48.672 [main] DEBUG org.springframework.test.annotation.ProfileValueUtils - Retrieved @ProfileValueSourceConfiguration [null] for test class [priv.lee90.learn.controller.HelloControllerTest]
16:24:48.673 [main] DEBUG org.springframework.test.annotation.ProfileValueUtils - Retrieved ProfileValueSource type [class org.springframework.test.annotation.SystemProfileValueSource] for class [priv.lee90.learn.controller.HelloControllerTest]
16:24:48.673 [main] DEBUG org.springframework.test.context.BootstrapUtils - Instantiating CacheAwareContextLoaderDelegate from class [org.springframework.test.context.cache.DefaultCacheAwareContextLoaderDelegate]
16:24:48.673 [main] DEBUG org.springframework.test.context.BootstrapUtils - Instantiating BootstrapContext using constructor [public org.springframework.test.context.support.DefaultBootstrapContext(java.lang.Class,org.springframework.test.context.CacheAwareContextLoaderDelegate)]
16:24:48.674 [main] DEBUG org.springframework.test.context.BootstrapUtils - Instantiating TestContextBootstrapper for test class [priv.lee90.learn.controller.HelloControllerTest] from class [org.springframework.boot.test.autoconfigure.web.reactive.WebFluxTestContextBootstrapper]
16:24:48.674 [main] INFO org.springframework.boot.test.autoconfigure.web.reactive.WebFluxTestContextBootstrapper - Neither @ContextConfiguration nor @ContextHierarchy found for test class [priv.lee90.learn.controller.HelloControllerTest], using SpringBootContextLoader
16:24:48.674 [main] DEBUG org.springframework.test.context.support.AbstractContextLoader - Did not detect default resource location for test class [priv.lee90.learn.controller.HelloControllerTest]: class path resource [priv/lee90/learn/controller/HelloControllerTest-context.xml] does not exist
16:24:48.674 [main] DEBUG org.springframework.test.context.support.AbstractContextLoader - Did not detect default resource location for test class [priv.lee90.learn.controller.HelloControllerTest]: class path resource [priv/lee90/learn/controller/HelloControllerTestContext.groovy] does not exist
16:24:48.675 [main] INFO org.springframework.test.context.support.AbstractContextLoader - Could not detect default resource locations for test class [priv.lee90.learn.controller.HelloControllerTest]: no resource found for suffixes {-context.xml, Context.groovy}.
16:24:48.675 [main] INFO org.springframework.test.context.support.AnnotationConfigContextLoaderUtils - Could not detect default configuration classes for test class [priv.lee90.learn.controller.HelloControllerTest]: HelloControllerTest does not declare any static, non-private, non-final, nested classes annotated with @Configuration.
16:24:48.681 [main] DEBUG org.springframework.test.context.support.ActiveProfilesUtils - Could not find an 'annotation declaring class' for annotation type [org.springframework.test.context.ActiveProfiles] and class [priv.lee90.learn.controller.HelloControllerTest]
16:24:48.682 [main] INFO org.springframework.boot.test.context.SpringBootTestContextBootstrapper - Found @SpringBootConfiguration priv.lee90.learn.PongApplication for test class priv.lee90.learn.controller.HelloControllerTest
16:24:48.683 [main] DEBUG org.springframework.boot.test.autoconfigure.web.reactive.WebFluxTestContextBootstrapper - @TestExecutionListeners is not present for class [priv.lee90.learn.controller.HelloControllerTest]: using defaults.
16:24:48.684 [main] INFO org.springframework.boot.test.autoconfigure.web.reactive.WebFluxTestContextBootstrapper - Loaded default TestExecutionListener class names from location [META-INF/spring.factories]: [org.springframework.boot.test.mock.mockito.MockitoTestExecutionListener, org.springframework.boot.test.mock.mockito.ResetMocksTestExecutionListener, org.springframework.boot.test.autoconfigure.restdocs.RestDocsTestExecutionListener, org.springframework.boot.test.autoconfigure.web.client.MockRestServiceServerResetTestExecutionListener, org.springframework.boot.test.autoconfigure.web.servlet.MockMvcPrintOnlyOnFailureTestExecutionListener, org.springframework.boot.test.autoconfigure.web.servlet.WebDriverTestExecutionListener, org.springframework.boot.test.autoconfigure.webservices.client.MockWebServiceServerTestExecutionListener, org.springframework.test.context.web.ServletTestExecutionListener, org.springframework.test.context.support.DirtiesContextBeforeModesTestExecutionListener, org.springframework.test.context.event.ApplicationEventsTestExecutionListener, org.springframework.test.context.support.DependencyInjectionTestExecutionListener, org.springframework.test.context.support.DirtiesContextTestExecutionListener, org.springframework.test.context.transaction.TransactionalTestExecutionListener, org.springframework.test.context.jdbc.SqlScriptsTestExecutionListener, org.springframework.test.context.event.EventPublishingTestExecutionListener, org.spockframework.spring.SpringMockTestExecutionListener]
16:24:48.684 [main] DEBUG org.springframework.boot.test.autoconfigure.web.reactive.WebFluxTestContextBootstrapper - Skipping candidate TestExecutionListener [org.springframework.test.context.web.ServletTestExecutionListener] due to a missing dependency. Specify custom listener classes or make the default listener classes and their required dependencies available. Offending class: [javax/servlet/ServletContext]
16:24:48.685 [main] DEBUG org.springframework.boot.test.autoconfigure.web.reactive.WebFluxTestContextBootstrapper - Skipping candidate TestExecutionListener [org.springframework.test.context.transaction.TransactionalTestExecutionListener] due to a missing dependency. Specify custom listener classes or make the default listener classes and their required dependencies available. Offending class: [org/springframework/transaction/interceptor/TransactionAttributeSource]
16:24:48.685 [main] DEBUG org.springframework.boot.test.autoconfigure.web.reactive.WebFluxTestContextBootstrapper - Skipping candidate TestExecutionListener [org.springframework.test.context.jdbc.SqlScriptsTestExecutionListener] due to a missing dependency. Specify custom listener classes or make the default listener classes and their required dependencies available. Offending class: [org/springframework/transaction/interceptor/TransactionAttribute]
16:24:48.685 [main] INFO org.springframework.boot.test.autoconfigure.web.reactive.WebFluxTestContextBootstrapper - Using TestExecutionListeners: [org.springframework.test.context.support.DirtiesContextBeforeModesTestExecutionListener@5b0e9e0c, org.springframework.test.context.event.ApplicationEventsTestExecutionListener@54234569, org.springframework.boot.test.mock.mockito.MockitoTestExecutionListener@21ea1d9d, org.springframework.boot.test.autoconfigure.SpringBootDependencyInjectionTestExecutionListener@19f497aa, org.springframework.test.context.support.DirtiesContextTestExecutionListener@36a58466, org.springframework.test.context.event.EventPublishingTestExecutionListener@78e387d6, org.springframework.boot.test.mock.mockito.ResetMocksTestExecutionListener@9147ba2, org.springframework.boot.test.autoconfigure.restdocs.RestDocsTestExecutionListener@3460e4ed, org.springframework.boot.test.autoconfigure.web.client.MockRestServiceServerResetTestExecutionListener@2efcc0b3, org.springframework.boot.test.autoconfigure.web.servlet.MockMvcPrintOnlyOnFailureTestExecutionListener@4a453f8d, org.springframework.boot.test.autoconfigure.web.servlet.WebDriverTestExecutionListener@60a6840c, org.springframework.boot.test.autoconfigure.webservices.client.MockWebServiceServerTestExecutionListener@53525379, org.spockframework.spring.SpringMockTestExecutionListener@1be3f8f8]
16:24:48.960 [main] DEBUG org.springframework.test.context.support.AbstractDirtiesContextTestExecutionListener - Before test class: context [DefaultTestContext@20cf3ab3 testClass = HelloControllerTest, testInstance = [null], testMethod = [null], testException = [null], mergedContextConfiguration = [ReactiveWebMergedContextConfiguration@1acfc058 testClass = HelloControllerTest, locations = '{}', classes = '{class priv.lee90.learn.PongApplication}', contextInitializerClasses = '[]', activeProfiles = '{}', propertySourceLocations = '{}', propertySourceProperties = '{org.springframework.boot.test.autoconfigure.web.reactive.WebFluxTestContextBootstrapper=true}', contextCustomizers = set[[ImportsContextCustomizer@725490dd key = [org.springframework.boot.autoconfigure.cache.CacheAutoConfiguration, org.springframework.boot.autoconfigure.gson.GsonAutoConfiguration, org.springframework.boot.autoconfigure.jackson.JacksonAutoConfiguration, org.springframework.boot.autoconfigure.jsonb.JsonbAutoConfiguration, org.springframework.boot.autoconfigure.context.MessageSourceAutoConfiguration, org.springframework.boot.autoconfigure.freemarker.FreeMarkerAutoConfiguration, org.springframework.boot.autoconfigure.http.codec.CodecsAutoConfiguration, org.springframework.boot.autoconfigure.mustache.MustacheAutoConfiguration, org.springframework.boot.autoconfigure.thymeleaf.ThymeleafAutoConfiguration, org.springframework.boot.autoconfigure.validation.ValidationAutoConfiguration, org.springframework.boot.autoconfigure.web.reactive.WebFluxAutoConfiguration, org.springframework.boot.autoconfigure.web.reactive.error.ErrorWebFluxAutoConfiguration, org.springframework.boot.autoconfigure.security.oauth2.client.reactive.ReactiveOAuth2ClientAutoConfiguration, org.springframework.boot.autoconfigure.security.oauth2.resource.reactive.ReactiveOAuth2ResourceServerAutoConfiguration, org.springframework.boot.autoconfigure.security.reactive.ReactiveSecurityAutoConfiguration, org.springframework.boot.autoconfigure.security.reactive.ReactiveUserDetailsServiceAutoConfiguration, org.springframework.boot.test.autoconfigure.web.reactive.WebTestClientAutoConfiguration]], org.springframework.boot.test.context.filter.ExcludeFilterContextCustomizer@3f8dfe74, org.springframework.boot.test.json.DuplicateJsonObjectContextCustomizerFactory$DuplicateJsonObjectContextCustomizer@d325518, org.springframework.boot.test.mock.mockito.MockitoContextCustomizer@0, org.springframework.boot.test.autoconfigure.OverrideAutoConfigurationContextCustomizerFactory$DisableAutoConfigurationContextCustomizer@14d25b6e, org.springframework.boot.test.autoconfigure.actuate.metrics.MetricsExportContextCustomizerFactory$DisableMetricExportContextCustomizer@5f726750, org.springframework.boot.test.autoconfigure.filter.TypeExcludeFiltersContextCustomizer@56c1c5f6, org.springframework.boot.test.autoconfigure.properties.PropertyMappingContextCustomizer@e3f06377, org.springframework.boot.test.autoconfigure.web.servlet.WebDriverContextCustomizerFactory$Customizer@4b55ff0a, org.spockframework.spring.mock.SpockContextCustomizer@0, org.springframework.boot.test.context.SpringBootTestArgs@1, org.springframework.boot.test.context.SpringBootTestWebEnvironment@0], contextLoader = 'org.springframework.boot.test.context.SpringBootContextLoader', parent = [null]], attributes = map[[empty]]], class annotated with @DirtiesContext [false] with mode [null].
16:24:48.970 [main] DEBUG org.springframework.test.context.support.DependencyInjectionTestExecutionListener - Performing dependency injection for test context [[DefaultTestContext@20cf3ab3 testClass = HelloControllerTest, testInstance = priv.lee90.learn.controller.HelloControllerTest@63e40188, testMethod = [null], testException = [null], mergedContextConfiguration = [ReactiveWebMergedContextConfiguration@1acfc058 testClass = HelloControllerTest, locations = '{}', classes = '{class priv.lee90.learn.PongApplication}', contextInitializerClasses = '[]', activeProfiles = '{}', propertySourceLocations = '{}', propertySourceProperties = '{org.springframework.boot.test.autoconfigure.web.reactive.WebFluxTestContextBootstrapper=true}', contextCustomizers = set[[ImportsContextCustomizer@725490dd key = [org.springframework.boot.autoconfigure.cache.CacheAutoConfiguration, org.springframework.boot.autoconfigure.gson.GsonAutoConfiguration, org.springframework.boot.autoconfigure.jackson.JacksonAutoConfiguration, org.springframework.boot.autoconfigure.jsonb.JsonbAutoConfiguration, org.springframework.boot.autoconfigure.context.MessageSourceAutoConfiguration, org.springframework.boot.autoconfigure.freemarker.FreeMarkerAutoConfiguration, org.springframework.boot.autoconfigure.http.codec.CodecsAutoConfiguration, org.springframework.boot.autoconfigure.mustache.MustacheAutoConfiguration, org.springframework.boot.autoconfigure.thymeleaf.ThymeleafAutoConfiguration, org.springframework.boot.autoconfigure.validation.ValidationAutoConfiguration, org.springframework.boot.autoconfigure.web.reactive.WebFluxAutoConfiguration, org.springframework.boot.autoconfigure.web.reactive.error.ErrorWebFluxAutoConfiguration, org.springframework.boot.autoconfigure.security.oauth2.client.reactive.ReactiveOAuth2ClientAutoConfiguration, org.springframework.boot.autoconfigure.security.oauth2.resource.reactive.ReactiveOAuth2ResourceServerAutoConfiguration, org.springframework.boot.autoconfigure.security.reactive.ReactiveSecurityAutoConfiguration, org.springframework.boot.autoconfigure.security.reactive.ReactiveUserDetailsServiceAutoConfiguration, org.springframework.boot.test.autoconfigure.web.reactive.WebTestClientAutoConfiguration]], org.springframework.boot.test.context.filter.ExcludeFilterContextCustomizer@3f8dfe74, org.springframework.boot.test.json.DuplicateJsonObjectContextCustomizerFactory$DuplicateJsonObjectContextCustomizer@d325518, org.springframework.boot.test.mock.mockito.MockitoContextCustomizer@0, org.springframework.boot.test.autoconfigure.OverrideAutoConfigurationContextCustomizerFactory$DisableAutoConfigurationContextCustomizer@14d25b6e, org.springframework.boot.test.autoconfigure.actuate.metrics.MetricsExportContextCustomizerFactory$DisableMetricExportContextCustomizer@5f726750, org.springframework.boot.test.autoconfigure.filter.TypeExcludeFiltersContextCustomizer@56c1c5f6, org.springframework.boot.test.autoconfigure.properties.PropertyMappingContextCustomizer@e3f06377, org.springframework.boot.test.autoconfigure.web.servlet.WebDriverContextCustomizerFactory$Customizer@4b55ff0a, org.spockframework.spring.mock.SpockContextCustomizer@0, org.springframework.boot.test.context.SpringBootTestArgs@1, org.springframework.boot.test.context.SpringBootTestWebEnvironment@0], contextLoader = 'org.springframework.boot.test.context.SpringBootContextLoader', parent = [null]], attributes = map['org.springframework.test.context.event.ApplicationEventsTestExecutionListener.recordApplicationEvents' -> false]]].

  .   ____          _            __ _ _
 /\\ / ___'_ __ _ _(_)_ __  __ _ \ \ \ \
( ( )\___ | '_ | '_| | '_ \/ _` | \ \ \ \
 \\/  ___)| |_)| | | | | || (_| |  ) ) ) )
  '  |____| .__|_| |_|_| |_\__, | / / / /
 =========|_|==============|___/=/_/_/_/
 :: Spring Boot ::               (v2.6.13)

2024-09-25 16:24:49.471  INFO 31320 --- [           main] p.l.l.controller.HelloControllerTest     : Starting HelloControllerTest using Java 1.8.0_181 on EthanLee with PID 31320 (started by 李志健 in D:\workspace\springboot\ping-pong-demo\pong-service)
2024-09-25 16:24:49.473  INFO 31320 --- [           main] p.l.l.controller.HelloControllerTest     : No active profile set, falling back to 1 default profile: "default"
2024-09-25 16:24:50.784  INFO 31320 --- [           main] p.l.l.controller.HelloControllerTest     : Started HelloControllerTest in 1.78 seconds (JVM running for 3.542)
]]></system-out>
  </testcase>
</testsuite>